Detecting compiler hash for triplet x64-linux...
Compiler found: /usr/bin/c++
The following packages are already installed:
  * brotli:x64-linux@1.2.0
  * c-ares:x64-linux@1.34.6#1
    cpr[core,ssl]:x64-linux@1.14.2
  * curl[core,ssl,openssl,non-http]:x64-linux@8.18.0#1
    drogon:x64-linux@1.9.12
    gtest:x64-linux@1.17.0#2
  * jsoncpp:x64-linux@1.9.6
  * libuuid:x64-linux@1.0.3#16
    nlohmann-json:x64-linux@3.12.0#2
  * openssl:x64-linux@3.6.1#2
  * trantor:x64-linux@1.5.26
  * vcpkg-cmake:x64-linux@2024-04-23
  * vcpkg-cmake-config:x64-linux@2024-05-23
  * vcpkg-cmake-get-vars:x64-linux@2025-05-29
  * zlib:x64-linux@1.3.1
cpr provides CMake targets:

  # this is heuristically generated, and may not be correct
  find_package(cpr CONFIG REQUIRED)
  target_link_libraries(main PRIVATE cpr::cpr)

The package drogon provides CMake targets:

    find_package(Drogon CONFIG REQUIRED)
    target_link_libraries(main PRIVATE Drogon::Drogon)

The package gtest is compatible with built-in CMake targets:

    enable_testing()
    
    find_package(GTest CONFIG REQUIRED)
    target_link_libraries(main PRIVATE GTest::gtest GTest::gtest_main GTest::gmock GTest::gmock_main)
    
    add_test(AllTestsInMain main)

The package nlohmann-json provides CMake targets:

    find_package(nlohmann_json CONFIG REQUIRED)
    target_link_libraries(main PRIVATE nlohmann_json::nlohmann_json)

The package nlohmann-json can be configured to not provide implicit conversions via a custom triplet file:

    set(nlohmann-json_IMPLICIT_CONVERSIONS OFF)

For more information, see the docs here:
    
    https://json.nlohmann.me/api/macros/json_use_implicit_conversions/

All requested installations completed successfully in: 190 us
